[debug] ----------------------------------------------------------------------
[debug] Command:      /usr/local/bin/node /Applications/MAMP/htdocs/hoerijdiknl/node_modules/.bin/firebase serve
[debug] CLI Version:  3.0.7
[debug] Platform:     darwin
[debug] Node Version: v4.4.3
[debug] Time:         Thu Aug 25 2016 21:30:56 GMT+0200 (CEST)
[debug] ----------------------------------------------------------------------
[debug] 
[info] Starting Firebase development server...
[info] 
[info] Project Directory: /Applications/MAMP/htdocs/hoerijdiknl
[info] Public Directory: app
[info] 
[info] Server listening at: http://localhost:5000
[debug] ----------------------------------------------------------------------
[debug] Command:      C:\Users\C38259\Apps ABN\NodeJS\node.exe C:\Users\C38259\_code\hoerijdiknl\node_modules\firebase-tools\bin\firebase serve
[debug] CLI Version:  3.0.7
[debug] Platform:     win32
[debug] Node Version: v6.4.0
[debug] Time:         Mon Aug 29 2016 11:38:14 GMT+0200 (West-Europa (zomertijd))
[debug] ----------------------------------------------------------------------
[debug] 
[info] Starting Firebase development server...
[info] 
[info] Project Directory: C:\Users\C38259\_code\hoerijdiknl
[info] Public Directory: app
[info] 
[info] Server listening at: http://localhost:5000
